<?xml version="1.0" encoding="UTF-8"?>
<testsuite name="org.sri.app.stepdef.LibraryTest" tests="1" skipped="0" failures="0" errors="0" timestamp="2016-12-28T10:28:53" hostname="SCI-DT-80" time="0.106">
  <properties/>
  <testcase name="testSomeLibraryMethod" classname="org.sri.app.stepdef.LibraryTest" time="0.106"/>
  <system-out><![CDATA[DEV
QA : {AppURL=www.google.com, Eamil=emailtestlotto777@gmail.com, Password=pch78963}
STG : {AppURL=www.google.com, Eamil=emailtestlotto777@gmail.com, Password=pch78963}
INT : {AppURL=www.google.com, Eamil=emailtestlotto777@gmail.com, Password=pch78963}
DEV : {AppURL=www.google.com, Eamil=emailtestlotto777@gmail.com, Password=pch73}
PROD : {AppURL=www.google.com, Eamil=emailtestlotto777@gmail.com, Password=pch78963}
DEV
AppURL : www.google.com
Eamil : emailtestlotto777@gmail.com
Password : pch73
]]></system-out>
  <system-err><![CDATA[]]></system-err>
</testsuite>
